0 info it worked if it ends with ok
1 verbose cli [ 'C:\\DEV\\nodejs\\node.exe',
1 verbose cli   'C:\\DEV\\nvm\\npm\\node_modules\\npm\\bin\\npm-cli.js',
1 verbose cli   'run',
1 verbose cli   'test' ]
2 info using npm@3.7.5
3 info using node@v6.9.2
4 verbose run-script [ 'pretest', 'test', 'posttest' ]
5 info lifecycle demo@1.0.0~pretest: demo@1.0.0
6 silly lifecycle demo@1.0.0~pretest: no script for pretest, continuing
7 info lifecycle demo@1.0.0~test: demo@1.0.0
8 verbose lifecycle demo@1.0.0~test: unsafe-perm in lifecycle true
9 verbose lifecycle demo@1.0.0~test: PATH: C:\DEV\nvm\npm\node_modules\npm\bin\node-gyp-bin;C:\Users\XwAdmin\Desktop\单元测试karma和jsmine\Demo\node_modules\.bin;C:\DEV\nodejs;C:\Program Files (x86)\Common Files\Oracle\Java\javapath;C:\ProgramData\Oracle\Java\javapath;C:\Program Files (x86)\Intel\iCLS Client\;C:\Program Files\Intel\iCLS Client\;C:\WINDOWS\system32;C:\WINDOWS;C:\WINDOWS\System32\Wbem;C:\WINDOWS\System32\WindowsPowerShell\v1.0\;C:\Program Files (x86)\Intel\Intel(R) Management Engine Components\DAL;C:\Program Files\Intel\Intel(R) Management Engine Components\DAL;C:\Program Files (x86)\Intel\Intel(R) Management Engine Components\IPT;C:\Program Files\Intel\Intel(R) Management Engine Components\IPT;C:\DEV\nvm;C:\DEV\nodejs ;C:\Python27;C:\Program Files\MySQL\MySQL Utilities 1.6\;D:\安装地址\TortoiseSVN\bin;D:\;装地址\Microsoft VS Code\bin;%S;STEMROOT%\System32\OpenSSH\;D:\Git\Git\cmd;D:\安装地址\Microsoft VS Code\bin;D:\Python\Scripts\;D:\Python\;C:\DEV\nodejs;C:\DEV\nvm\npm;D:\Android\sdk;C:\Program Files\Java\jdk1.8.0_112\bin;%JAVA_HOME\jre\bin%;D:\Android\sdk\platform-tools;D:\Android\sdk\tools;D:\安装地址\Microsoft VS Code\bin;C:\Users\XwAdmin\AppData\Local\atom\bin;C:\Users\XwAdmin\AppData\Local\Microsoft\WindowsApps;D:\安装地址\Huawei FastApp IDE\bin
10 verbose lifecycle demo@1.0.0~test: CWD: C:\Users\XwAdmin\Desktop\单元测试karma和jsmine\Demo
11 silly lifecycle demo@1.0.0~test: Args: [ '/d /s /c', 'echo "Error: no test specified" && exit 1' ]
12 silly lifecycle demo@1.0.0~test: Returned: code: 1  signal: null
13 info lifecycle demo@1.0.0~test: Failed to exec test script
14 verbose stack Error: demo@1.0.0 test: `echo "Error: no test specified" && exit 1`
14 verbose stack Exit status 1
14 verbose stack     at EventEmitter.<anonymous> (C:\DEV\nvm\npm\node_modules\npm\lib\utils\lifecycle.js:239:16)
14 verbose stack     at emitTwo (events.js:106:13)
14 verbose stack     at EventEmitter.emit (events.js:191:7)
14 verbose stack     at ChildProcess.<anonymous> (C:\DEV\nvm\npm\node_modules\npm\lib\utils\spawn.js:24:14)
14 verbose stack     at emitTwo (events.js:106:13)
14 verbose stack     at ChildProcess.emit (events.js:191:7)
14 verbose stack     at maybeClose (internal/child_process.js:877:16)
14 verbose stack     at Process.ChildProcess._handle.onexit (internal/child_process.js:226:5)
15 verbose pkgid demo@1.0.0
16 verbose cwd C:\Users\XwAdmin\Desktop\单元测试karma和jsmine\Demo
17 error Windows_NT 10.0.17134
18 error argv "C:\\DEV\\nodejs\\node.exe" "C:\\DEV\\nvm\\npm\\node_modules\\npm\\bin\\npm-cli.js" "run" "test"
19 error node v6.9.2
20 error npm  v3.7.5
21 error code ELIFECYCLE
22 error demo@1.0.0 test: `echo "Error: no test specified" && exit 1`
22 error Exit status 1
23 error Failed at the demo@1.0.0 test script 'echo "Error: no test specified" && exit 1'.
23 error Make sure you have the latest version of node.js and npm installed.
23 error If you do, this is most likely a problem with the demo package,
23 error not with npm itself.
23 error Tell the author that this fails on your system:
23 error     echo "Error: no test specified" && exit 1
23 error You can get information on how to open an issue for this project with:
23 error     npm bugs demo
23 error Or if that isn't available, you can get their info via:
23 error     npm owner ls demo
23 error There is likely additional logging output above.
24 verbose exit [ 1, true ]
